<?xml version="1.0" encoding="UTF-8"?>
<!-- Generated by org.testng.reporters.JUnitReportReporter -->
<testsuite skipped="0" hostname="santhoshs-mbp.lan" name="runners.MainRunner" tests="2" failures="0" timestamp="12 May 2019 05:36:01 GMT" time="8.359" errors="0">
  <testcase name="feature" time="4.223" classname="runners.MainRunner"/>
  <testcase name="feature" time="4.136" classname="runners.MainRunner"/>
</testsuite> <!-- runners.MainRunner -->
